<?xml version="1.0" encoding="UTF-8"?>
<!-- Generated by org.testng.reporters.JUnitXMLReporter -->
<testsuite ignored="2" hostname="Diptalok_Sahoo" failures="0" tests="2" name="Test" time="76.625" errors="0" timestamp="2024-04-01T08:28:43 IST">
  <testcase classname="com.testScript.java.ScriptAdd_Test" name="service_Contract_Test" time="19.237"/>
  <testcase classname="com.testScript.java.ScriptDel_Test" name="service_Contract_Test" time="32.932"/>
  <testcase classname="com.Generic.Utilities.Base_Class" name="@BeforeSuite DBconfig" time="0.0">
    <ignored/>
  </testcase> <!-- @BeforeSuite DBconfig -->
  <testcase classname="com.Generic.Utilities.Base_Class" name="@AfterSuite DBclose" time="0.0">
    <ignored/>
  </testcase> <!-- @AfterSuite DBclose -->
</testsuite> <!-- Test -->
